app/build/intermediates/manifest_merge_blame_file/release/manifest-merger-blame-release-report.txt
1<?xml version="1.0" encoding="utf-8"?>
2<manifest xmlns:android="http://schemas.android.com/apk/res/android"
3    package="com.example.tribe"
4    android:versionCode="1"
5    android:versionName="1.0" >
6
7    <uses-sdk
8        android:minSdkVersion="21"
8-->src\main\AndroidManifest.xml
9        android:targetSdkVersion="32" />
9-->src\main\AndroidManifest.xml
10
11    <uses-permission android:name="android.permission.READ_EXTERNAL_STORAGE" />
11-->src\main\AndroidManifest.xml:5:5-80
11-->src\main\AndroidManifest.xml:5:22-77
12    <uses-permission android:name="android.permission.WRITE_EXTERNAL_STORAGE" />
12-->src\main\AndroidManifest.xml:6:5-81
12-->src\main\AndroidManifest.xml:6:22-78
13    <uses-permission android:name="android.permission.INTERNET" />
13-->[com.google.firebase:firebase-auth:21.0.1] AndroidManifest.xml:23:5-67
13-->[com.google.firebase:firebase-auth:21.0.1] AndroidManifest.xml:23:22-64
14    <uses-permission android:name="android.permission.ACCESS_NETWORK_STATE" />
14-->[com.google.firebase:firebase-auth:21.0.1] AndroidManifest.xml:24:5-79
14-->[com.google.firebase:firebase-auth:21.0.1] AndroidManifest.xml:24:22-76
15    <uses-permission android:name="android.permission.WAKE_LOCK" />
15-->[com.google.firebase:firebase-measurement-connector-impl:16.0.1] AndroidManifest.xml:24:5-68
15-->[com.google.firebase:firebase-measurement-connector-impl:16.0.1] AndroidManifest.xml:24:22-65
16    <uses-permission android:name="com.google.android.finsky.permission.BIND_GET_INSTALL_REFERRER_SERVICE" /> <!-- Required by older versions of Google Play services to create IID tokens -->
16-->[com.google.firebase:firebase-analytics:16.0.1] AndroidManifest.xml:26:5-110
16-->[com.google.firebase:firebase-analytics:16.0.1] AndroidManifest.xml:26:22-107
17    <uses-permission android:name="com.google.android.c2dm.permission.RECEIVE" />
17-->[com.google.firebase:firebase-iid:17.0.1] AndroidManifest.xml:26:5-82
17-->[com.google.firebase:firebase-iid:17.0.1] AndroidManifest.xml:26:22-79
18
19    <application
19-->src\main\AndroidManifest.xml:8:5-85:19
20        android:allowBackup="true"
20-->src\main\AndroidManifest.xml:9:9-35
21        android:appComponentFactory="androidx.core.app.CoreComponentFactory"
21-->[androidx.core:core:1.7.0] AndroidManifest.xml:24:18-86
22        android:icon="@mipmap/ic_launcher"
22-->src\main\AndroidManifest.xml:10:9-43
23        android:label="@string/app_name"
23-->src\main\AndroidManifest.xml:11:9-41
24        android:roundIcon="@mipmap/ic_launcher_round"
24-->src\main\AndroidManifest.xml:12:9-54
25        android:supportsRtl="true"
25-->src\main\AndroidManifest.xml:13:9-35
26        android:theme="@style/Theme.Tribe" >
26-->src\main\AndroidManifest.xml:14:9-43
27        <activity
27-->src\main\AndroidManifest.xml:15:9-17:40
28            android:name="com.example.tribe.LC.ViewImages"
28-->src\main\AndroidManifest.xml:16:13-42
29            android:exported="false" />
29-->src\main\AndroidManifest.xml:17:13-37
30        <activity
30-->src\main\AndroidManifest.xml:18:9-20:59
31            android:name="com.theartofdev.edmodo.cropper.CropImageActivity"
31-->src\main\AndroidManifest.xml:19:13-76
32            android:theme="@style/Base.Theme.AppCompat" />
32-->src\main\AndroidManifest.xml:20:13-56
33        <activity
33-->src\main\AndroidManifest.xml:21:9-23:40
34            android:name="com.example.tribe.LC.PostActivity"
34-->src\main\AndroidManifest.xml:22:13-44
35            android:exported="false" />
35-->src\main\AndroidManifest.xml:23:13-37
36        <activity
36-->src\main\AndroidManifest.xml:24:9-26:40
37            android:name="com.example.tribe.LC.Search"
37-->src\main\AndroidManifest.xml:25:13-38
38            android:exported="false" />
38-->src\main\AndroidManifest.xml:26:13-37
39        <activity
39-->src\main\AndroidManifest.xml:27:9-29:40
40            android:name="com.example.tribe.LC.MessageActivity"
40-->src\main\AndroidManifest.xml:28:13-47
41            android:exported="false" />
41-->src\main\AndroidManifest.xml:29:13-37
42        <activity
42-->src\main\AndroidManifest.xml:30:9-32:40
43            android:name="com.example.tribe.LC.AddProfilePhotoActivity"
43-->src\main\AndroidManifest.xml:31:13-55
44            android:exported="false" />
44-->src\main\AndroidManifest.xml:32:13-37
45        <activity android:name="com.example.tribe.LC.CommentsActivity" />
45-->src\main\AndroidManifest.xml:33:9-56
45-->src\main\AndroidManifest.xml:33:19-54
46        <activity
46-->src\main\AndroidManifest.xml:34:9-37:72
47            android:name="com.example.tribe.BottomNavigationActivity"
47-->src\main\AndroidManifest.xml:35:13-53
48            android:exported="false"
48-->src\main\AndroidManifest.xml:36:13-37
49            android:label="@string/title_activity_bottom_navigation" />
49-->src\main\AndroidManifest.xml:37:13-69
50        <activity
50-->src\main\AndroidManifest.xml:38:9-40:40
51            android:name="com.example.tribe.LC.EmailVerificationActivity"
51-->src\main\AndroidManifest.xml:39:13-57
52            android:exported="false" />
52-->src\main\AndroidManifest.xml:40:13-37
53        <activity
53-->src\main\AndroidManifest.xml:41:9-43:40
54            android:name="com.example.tribe.LC.SignupActivity"
54-->src\main\AndroidManifest.xml:42:13-46
55            android:exported="false" />
55-->src\main\AndroidManifest.xml:43:13-37
56        <activity
56-->src\main\AndroidManifest.xml:44:9-46:40
57            android:name="com.example.tribe.LC.CreateNewPasswordActivity"
57-->src\main\AndroidManifest.xml:45:13-57
58            android:exported="false" />
58-->src\main\AndroidManifest.xml:46:13-37
59        <activity
59-->src\main\AndroidManifest.xml:47:9-49:40
60            android:name="com.example.tribe.LC.ResetPasswordActivity"
60-->src\main\AndroidManifest.xml:48:13-53
61            android:exported="false" />
61-->src\main\AndroidManifest.xml:49:13-37
62        <activity
62-->src\main\AndroidManifest.xml:50:9-52:40
63            android:name="com.example.tribe.LC.LoginActivity"
63-->src\main\AndroidManifest.xml:51:13-45
64            android:exported="false" />
64-->src\main\AndroidManifest.xml:52:13-37
65        <activity
65-->src\main\AndroidManifest.xml:53:9-55:40
66            android:name="com.example.tribe.LC.OnboardingActivity"
66-->src\main\AndroidManifest.xml:54:13-50
67            android:exported="false" />
67-->src\main\AndroidManifest.xml:55:13-37
68        <activity
68-->src\main\AndroidManifest.xml:56:9-64:20
69            android:name="com.example.tribe.LC.SplashActivity"
69-->src\main\AndroidManifest.xml:57:13-46
70            android:exported="true" >
70-->src\main\AndroidManifest.xml:58:13-36
71            <intent-filter>
71-->src\main\AndroidManifest.xml:59:13-63:29
72                <action android:name="android.intent.action.MAIN" />
72-->src\main\AndroidManifest.xml:60:17-69
72-->src\main\AndroidManifest.xml:60:25-66
73
74                <category android:name="android.intent.category.LAUNCHER" />
74-->src\main\AndroidManifest.xml:62:17-77
74-->src\main\AndroidManifest.xml:62:27-74
75            </intent-filter>
76        </activity>
77        <activity
77-->src\main\AndroidManifest.xml:65:9-67:39
78            android:name="com.example.tribe.MainActivity"
78-->src\main\AndroidManifest.xml:66:13-41
79            android:exported="true" />
79-->src\main\AndroidManifest.xml:67:13-36
80
81        <service
81-->src\main\AndroidManifest.xml:69:9-76:19
82            android:name="com.example.tribe.Notifications.MyFirebaseIdService"
82-->src\main\AndroidManifest.xml:70:13-62
83            android:enabled="true"
83-->src\main\AndroidManifest.xml:71:13-35
84            android:exported="true" >
84-->src\main\AndroidManifest.xml:72:13-36
85            <intent-filter>
85-->src\main\AndroidManifest.xml:73:13-75:29
86                <action android:name="com.google.firebase.INSTANCE_ID_EVENT" />
86-->src\main\AndroidManifest.xml:74:17-80
86-->src\main\AndroidManifest.xml:74:25-77
87            </intent-filter>
88        </service>
89        <service
89-->src\main\AndroidManifest.xml:77:9-84:19
90            android:name="com.example.tribe.Notifications.MyFirebaseMessaging"
90-->src\main\AndroidManifest.xml:78:13-62
91            android:enabled="true"
91-->src\main\AndroidManifest.xml:79:13-35
92            android:exported="true" >
92-->src\main\AndroidManifest.xml:80:13-36
93            <intent-filter>
93-->src\main\AndroidManifest.xml:81:13-83:29
94                <action android:name="com.google.firebase.MESSAGING_EVENT" />
94-->src\main\AndroidManifest.xml:82:17-78
94-->src\main\AndroidManifest.xml:82:25-75
95            </intent-filter>
96        </service>
97
98        <activity
98-->[com.google.firebase:firebase-auth:21.0.1] AndroidManifest.xml:27:9-44:20
99            android:name="com.google.firebase.auth.internal.GenericIdpActivity"
99-->[com.google.firebase:firebase-auth:21.0.1] AndroidManifest.xml:28:13-80
100            android:excludeFromRecents="true"
100-->[com.google.firebase:firebase-auth:21.0.1] AndroidManifest.xml:29:13-46
101            android:exported="true"
101-->[com.google.firebase:firebase-auth:21.0.1] AndroidManifest.xml:30:13-36
102            android:launchMode="singleTask"
102-->[com.google.firebase:firebase-auth:21.0.1] AndroidManifest.xml:31:13-44
103            android:theme="@android:style/Theme.Translucent.NoTitleBar" >
103-->[com.google.firebase:firebase-auth:21.0.1] AndroidManifest.xml:32:13-72
104            <intent-filter>
104-->[com.google.firebase:firebase-auth:21.0.1] AndroidManifest.xml:33:13-43:29
105                <action android:name="android.intent.action.VIEW" />
105-->[com.google.firebase:firebase-auth:21.0.1] AndroidManifest.xml:34:17-69
105-->[com.google.firebase:firebase-auth:21.0.1] AndroidManifest.xml:34:25-66
106
107                <category android:name="android.intent.category.DEFAULT" />
107-->[com.google.firebase:firebase-auth:21.0.1] AndroidManifest.xml:36:17-76
107-->[com.google.firebase:firebase-auth:21.0.1] AndroidManifest.xml:36:27-73
108                <category android:name="android.intent.category.BROWSABLE" />
108-->[com.google.firebase:firebase-auth:21.0.1] AndroidManifest.xml:37:17-78
108-->[com.google.firebase:firebase-auth:21.0.1] AndroidManifest.xml:37:27-75
109
110                <data
110-->[com.google.firebase:firebase-auth:21.0.1] AndroidManifest.xml:39:17-42:51
111                    android:host="firebase.auth"
111-->[com.google.firebase:firebase-auth:21.0.1] AndroidManifest.xml:40:21-49
112                    android:path="/"
112-->[com.google.firebase:firebase-auth:21.0.1] AndroidManifest.xml:41:21-37
113                    android:scheme="genericidp" />
113-->[com.google.firebase:firebase-auth:21.0.1] AndroidManifest.xml:42:21-48
114            </intent-filter>
115        </activity>
116        <activity
116-->[com.google.firebase:firebase-auth:21.0.1] AndroidManifest.xml:45:9-62:20
117            android:name="com.google.firebase.auth.internal.RecaptchaActivity"
117-->[com.google.firebase:firebase-auth:21.0.1] AndroidManifest.xml:46:13-79
118            android:excludeFromRecents="true"
118-->[com.google.firebase:firebase-auth:21.0.1] AndroidManifest.xml:47:13-46
119            android:exported="true"
119-->[com.google.firebase:firebase-auth:21.0.1] AndroidManifest.xml:48:13-36
120            android:launchMode="singleTask"
120-->[com.google.firebase:firebase-auth:21.0.1] AndroidManifest.xml:49:13-44
121            android:theme="@android:style/Theme.Translucent.NoTitleBar" >
121-->[com.google.firebase:firebase-auth:21.0.1] AndroidManifest.xml:50:13-72
122            <intent-filter>
122-->[com.google.firebase:firebase-auth:21.0.1] AndroidManifest.xml:51:13-61:29
123                <action android:name="android.intent.action.VIEW" />
123-->[com.google.firebase:firebase-auth:21.0.1] AndroidManifest.xml:34:17-69
123-->[com.google.firebase:firebase-auth:21.0.1] AndroidManifest.xml:34:25-66
124
125                <category android:name="android.intent.category.DEFAULT" />
125-->[com.google.firebase:firebase-auth:21.0.1] AndroidManifest.xml:36:17-76
125-->[com.google.firebase:firebase-auth:21.0.1] AndroidManifest.xml:36:27-73
126                <category android:name="android.intent.category.BROWSABLE" />
126-->[com.google.firebase:firebase-auth:21.0.1] AndroidManifest.xml:37:17-78
126-->[com.google.firebase:firebase-auth:21.0.1] AndroidManifest.xml:37:27-75
127
128                <data
128-->[com.google.firebase:firebase-auth:21.0.1] AndroidManifest.xml:39:17-42:51
129                    android:host="firebase.auth"
129-->[com.google.firebase:firebase-auth:21.0.1] AndroidManifest.xml:40:21-49
130                    android:path="/"
130-->[com.google.firebase:firebase-auth:21.0.1] AndroidManifest.xml:41:21-37
131                    android:scheme="recaptcha" />
131-->[com.google.firebase:firebase-auth:21.0.1] AndroidManifest.xml:42:21-48
132            </intent-filter>
133        </activity>
134
135        <service
135-->[com.google.firebase:firebase-auth:21.0.1] AndroidManifest.xml:64:9-73:19
136            android:name="com.google.firebase.auth.api.fallback.service.FirebaseAuthFallbackService"
136-->[com.google.firebase:firebase-auth:21.0.1] AndroidManifest.xml:65:13-101
137            android:enabled="true"
137-->[com.google.firebase:firebase-auth:21.0.1] AndroidManifest.xml:66:13-35
138            android:exported="false" >
138-->[com.google.firebase:firebase-auth:21.0.1] AndroidManifest.xml:67:13-37
139            <intent-filter>
139-->[com.google.firebase:firebase-auth:21.0.1] AndroidManifest.xml:68:13-72:29
140                <action android:name="com.google.firebase.auth.api.gms.service.START" />
140-->[com.google.firebase:firebase-auth:21.0.1] AndroidManifest.xml:69:17-89
140-->[com.google.firebase:firebase-auth:21.0.1] AndroidManifest.xml:69:25-86
141
142                <category android:name="android.intent.category.DEFAULT" />
142-->[com.google.firebase:firebase-auth:21.0.1] AndroidManifest.xml:36:17-76
142-->[com.google.firebase:firebase-auth:21.0.1] AndroidManifest.xml:36:27-73
143            </intent-filter>
144        </service>
145        <service
145-->[com.google.firebase:firebase-auth:21.0.1] AndroidManifest.xml:74:9-80:19
146            android:name="com.google.firebase.components.ComponentDiscoveryService"
146-->[com.google.firebase:firebase-auth:21.0.1] AndroidManifest.xml:75:13-84
147            android:directBootAware="true"
147-->[com.google.firebase:firebase-common:20.1.0] AndroidManifest.xml:35:13-43
148            android:exported="false" >
148-->[com.google.firebase:firebase-auth:21.0.1] AndroidManifest.xml:76:13-37
149            <meta-data
149-->[com.google.firebase:firebase-auth:21.0.1] AndroidManifest.xml:77:13-79:85
150                android:name="com.google.firebase.components:com.google.firebase.auth.FirebaseAuthRegistrar"
150-->[com.google.firebase:firebase-auth:21.0.1] AndroidManifest.xml:78:17-109
151                android:value="com.google.firebase.components.ComponentRegistrar" />
151-->[com.google.firebase:firebase-auth:21.0.1] AndroidManifest.xml:79:17-82
152            <meta-data
152-->[com.google.firebase:firebase-firestore:24.0.1] AndroidManifest.xml:20:13-22:85
153                android:name="com.google.firebase.components:com.google.firebase.firestore.FirestoreRegistrar"
153-->[com.google.firebase:firebase-firestore:24.0.1] AndroidManifest.xml:21:17-111
154                android:value="com.google.firebase.components.ComponentRegistrar" />
154-->[com.google.firebase:firebase-firestore:24.0.1] AndroidManifest.xml:22:17-82
155            <meta-data
155-->[com.google.firebase:firebase-database:20.0.3] AndroidManifest.xml:32:13-34:85
156                android:name="com.google.firebase.components:com.google.firebase.database.DatabaseRegistrar"
156-->[com.google.firebase:firebase-database:20.0.3] AndroidManifest.xml:33:17-109
157                android:value="com.google.firebase.components.ComponentRegistrar" />
157-->[com.google.firebase:firebase-database:20.0.3] AndroidManifest.xml:34:17-82
158            <meta-data
158-->[com.google.firebase:firebase-storage:20.0.1] AndroidManifest.xml:33:13-35:85
159                android:name="com.google.firebase.components:com.google.firebase.storage.StorageRegistrar"
159-->[com.google.firebase:firebase-storage:20.0.1] AndroidManifest.xml:34:17-107
160                android:value="com.google.firebase.components.ComponentRegistrar" />
160-->[com.google.firebase:firebase-storage:20.0.1] AndroidManifest.xml:35:17-82
161            <meta-data
161-->[com.google.firebase:firebase-measurement-connector-impl:16.0.1] AndroidManifest.xml:28:13-30:85
162                android:name="com.google.firebase.components:com.google.firebase.analytics.connector.internal.AnalyticsConnectorRegistrar"
162-->[com.google.firebase:firebase-measurement-connector-impl:16.0.1] AndroidManifest.xml:29:17-139
163                android:value="com.google.firebase.components.ComponentRegistrar" />
163-->[com.google.firebase:firebase-measurement-connector-impl:16.0.1] AndroidManifest.xml:30:17-82
164            <meta-data
164-->[com.google.firebase:firebase-iid:17.0.1] AndroidManifest.xml:32:13-34:85
165                android:name="com.google.firebase.components:com.google.firebase.iid.Registrar"
165-->[com.google.firebase:firebase-iid:17.0.1] AndroidManifest.xml:33:17-96
166                android:value="com.google.firebase.components.ComponentRegistrar" />
166-->[com.google.firebase:firebase-iid:17.0.1] AndroidManifest.xml:34:17-82
167        </service>
168
169        <uses-library
169-->[androidx.window:window:1.0.0] AndroidManifest.xml:25:9-27:40
170            android:name="androidx.window.extensions"
170-->[androidx.window:window:1.0.0] AndroidManifest.xml:26:13-54
171            android:required="false" />
171-->[androidx.window:window:1.0.0] AndroidManifest.xml:27:13-37
172        <uses-library
172-->[androidx.window:window:1.0.0] AndroidManifest.xml:28:9-30:40
173            android:name="androidx.window.sidecar"
173-->[androidx.window:window:1.0.0] AndroidManifest.xml:29:13-51
174            android:required="false" />
174-->[androidx.window:window:1.0.0] AndroidManifest.xml:30:13-37
175        <!--
176             FirebaseMessagingService performs security checks at runtime,
177             no need for explicit permissions despite exported="true"
178        -->
179        <service
179-->[com.google.firebase:firebase-messaging:17.3.1] AndroidManifest.xml:28:9-34:19
180            android:name="com.google.firebase.messaging.FirebaseMessagingService"
180-->[com.google.firebase:firebase-messaging:17.3.1] AndroidManifest.xml:29:13-82
181            android:exported="true" >
181-->[com.google.firebase:firebase-messaging:17.3.1] AndroidManifest.xml:30:13-36
182            <intent-filter android:priority="-500" >
182-->src\main\AndroidManifest.xml:81:13-83:29
183                <action android:name="com.google.firebase.MESSAGING_EVENT" />
183-->src\main\AndroidManifest.xml:82:17-78
183-->src\main\AndroidManifest.xml:82:25-75
184            </intent-filter>
185        </service>
186
187        <provider
187-->[com.squareup.picasso:picasso:2.71828] AndroidManifest.xml:8:9-11:40
188            android:name="com.squareup.picasso.PicassoProvider"
188-->[com.squareup.picasso:picasso:2.71828] AndroidManifest.xml:9:13-64
189            android:authorities="com.example.tribe.com.squareup.picasso"
189-->[com.squareup.picasso:picasso:2.71828] AndroidManifest.xml:10:13-72
190            android:exported="false" />
190-->[com.squareup.picasso:picasso:2.71828] AndroidManifest.xml:11:13-37
191
192        <receiver
192-->[com.google.firebase:firebase-analytics:16.0.1] AndroidManifest.xml:29:9-33:20
193            android:name="com.google.android.gms.measurement.AppMeasurementReceiver"
193-->[com.google.firebase:firebase-analytics:16.0.1] AndroidManifest.xml:30:13-85
194            android:enabled="true"
194-->[com.google.firebase:firebase-analytics:16.0.1] AndroidManifest.xml:31:13-35
195            android:exported="false" >
195-->[com.google.firebase:firebase-analytics:16.0.1] AndroidManifest.xml:32:13-37
196        </receiver>
197        <receiver
197-->[com.google.firebase:firebase-analytics:16.0.1] AndroidManifest.xml:34:9-42:20
198            android:name="com.google.android.gms.measurement.AppMeasurementInstallReferrerReceiver"
198-->[com.google.firebase:firebase-analytics:16.0.1] AndroidManifest.xml:35:13-100
199            android:enabled="true"
199-->[com.google.firebase:firebase-analytics:16.0.1] AndroidManifest.xml:36:13-35
200            android:exported="true"
200-->[com.google.firebase:firebase-analytics:16.0.1] AndroidManifest.xml:37:13-36
201            android:permission="android.permission.INSTALL_PACKAGES" >
201-->[com.google.firebase:firebase-analytics:16.0.1] AndroidManifest.xml:38:13-69
202            <intent-filter>
202-->[com.google.firebase:firebase-analytics:16.0.1] AndroidManifest.xml:39:13-41:29
203                <action android:name="com.android.vending.INSTALL_REFERRER" />
203-->[com.google.firebase:firebase-analytics:16.0.1] AndroidManifest.xml:40:17-79
203-->[com.google.firebase:firebase-analytics:16.0.1] AndroidManifest.xml:40:25-76
204            </intent-filter>
205        </receiver>
206
207        <service
207-->[com.google.firebase:firebase-analytics:16.0.1] AndroidManifest.xml:44:9-47:40
208            android:name="com.google.android.gms.measurement.AppMeasurementService"
208-->[com.google.firebase:firebase-analytics:16.0.1] AndroidManifest.xml:45:13-84
209            android:enabled="true"
209-->[com.google.firebase:firebase-analytics:16.0.1] AndroidManifest.xml:46:13-35
210            android:exported="false" />
210-->[com.google.firebase:firebase-analytics:16.0.1] AndroidManifest.xml:47:13-37
211        <service
211-->[com.google.firebase:firebase-analytics:16.0.1] AndroidManifest.xml:48:9-52:72
212            android:name="com.google.android.gms.measurement.AppMeasurementJobService"
212-->[com.google.firebase:firebase-analytics:16.0.1] AndroidManifest.xml:49:13-87
213            android:enabled="true"
213-->[com.google.firebase:firebase-analytics:16.0.1] AndroidManifest.xml:50:13-35
214            android:exported="false"
214-->[com.google.firebase:firebase-analytics:16.0.1] AndroidManifest.xml:51:13-37
215            android:permission="android.permission.BIND_JOB_SERVICE" />
215-->[com.google.firebase:firebase-analytics:16.0.1] AndroidManifest.xml:52:13-69
216
217        <receiver
217-->[com.google.firebase:firebase-iid:17.0.1] AndroidManifest.xml:37:9-44:20
218            android:name="com.google.firebase.iid.FirebaseInstanceIdReceiver"
218-->[com.google.firebase:firebase-iid:17.0.1] AndroidManifest.xml:38:13-78
219            android:exported="true"
219-->[com.google.firebase:firebase-iid:17.0.1] AndroidManifest.xml:39:13-36
220            android:permission="com.google.android.c2dm.permission.SEND" >
220-->[com.google.firebase:firebase-iid:17.0.1] AndroidManifest.xml:40:13-73
221            <intent-filter>
221-->[com.google.firebase:firebase-iid:17.0.1] AndroidManifest.xml:41:13-43:29
222                <action android:name="com.google.android.c2dm.intent.RECEIVE" />
222-->[com.google.firebase:firebase-iid:17.0.1] AndroidManifest.xml:42:17-81
222-->[com.google.firebase:firebase-iid:17.0.1] AndroidManifest.xml:42:25-78
223            </intent-filter>
224        </receiver>
225        <!--
226             FirebaseInstanceIdService performs security checks at runtime,
227             no need for explicit permissions despite exported="true"
228        -->
229        <service
229-->[com.google.firebase:firebase-iid:17.0.1] AndroidManifest.xml:50:9-56:19
230            android:name="com.google.firebase.iid.FirebaseInstanceIdService"
230-->[com.google.firebase:firebase-iid:17.0.1] AndroidManifest.xml:51:13-77
231            android:exported="true" >
231-->[com.google.firebase:firebase-iid:17.0.1] AndroidManifest.xml:52:13-36
232            <intent-filter android:priority="-500" >
232-->src\main\AndroidManifest.xml:73:13-75:29
233                <action android:name="com.google.firebase.INSTANCE_ID_EVENT" />
233-->src\main\AndroidManifest.xml:74:17-80
233-->src\main\AndroidManifest.xml:74:25-77
234            </intent-filter>
235        </service>
236
237        <activity
237-->[com.google.android.gms:play-services-base:18.0.1] AndroidManifest.xml:20:9-22:45
238            android:name="com.google.android.gms.common.api.GoogleApiActivity"
238-->[com.google.android.gms:play-services-base:18.0.1] AndroidManifest.xml:20:19-85
239            android:exported="false"
239-->[com.google.android.gms:play-services-base:18.0.1] AndroidManifest.xml:22:19-43
240            android:theme="@android:style/Theme.Translucent.NoTitleBar" />
240-->[com.google.android.gms:play-services-base:18.0.1] AndroidManifest.xml:21:19-78
241
242        <provider
242-->[com.google.firebase:firebase-common:20.1.0] AndroidManifest.xml:26:9-31:39
243            android:name="com.google.firebase.provider.FirebaseInitProvider"
243-->[com.google.firebase:firebase-common:20.1.0] AndroidManifest.xml:27:13-77
244            android:authorities="com.example.tribe.firebaseinitprovider"
244-->[com.google.firebase:firebase-common:20.1.0] AndroidManifest.xml:28:13-72
245            android:directBootAware="true"
245-->[com.google.firebase:firebase-common:20.1.0] AndroidManifest.xml:29:13-43
246            android:exported="false"
246-->[com.google.firebase:firebase-common:20.1.0] AndroidManifest.xml:30:13-37
247            android:initOrder="100" />
247-->[com.google.firebase:firebase-common:20.1.0] AndroidManifest.xml:31:13-36
248
249        <meta-data
249-->[com.google.android.gms:play-services-basement:18.0.0] AndroidManifest.xml:21:9-23:69
250            android:name="com.google.android.gms.version"
250-->[com.google.android.gms:play-services-basement:18.0.0] AndroidManifest.xml:22:13-58
251            android:value="@integer/google_play_services_version" />
251-->[com.google.android.gms:play-services-basement:18.0.0] AndroidManifest.xml:23:13-66
252
253        <provider
253-->[androidx.emoji2:emoji2:1.0.0] AndroidManifest.xml:26:9-34:20
254            android:name="androidx.startup.InitializationProvider"
254-->[androidx.emoji2:emoji2:1.0.0] AndroidManifest.xml:27:13-67
255            android:authorities="com.example.tribe.androidx-startup"
255-->[androidx.emoji2:emoji2:1.0.0] AndroidManifest.xml:28:13-68
256            android:exported="false" >
256-->[androidx.emoji2:emoji2:1.0.0] AndroidManifest.xml:29:13-37
257            <meta-data
257-->[androidx.emoji2:emoji2:1.0.0] AndroidManifest.xml:31:13-33:52
258                android:name="androidx.emoji2.text.EmojiCompatInitializer"
258-->[androidx.emoji2:emoji2:1.0.0] AndroidManifest.xml:32:17-75
259                android:value="androidx.startup" />
259-->[androidx.emoji2:emoji2:1.0.0] AndroidManifest.xml:33:17-49
260            <meta-data
260-->[androidx.lifecycle:lifecycle-process:2.4.0] AndroidManifest.xml:31:13-33:52
261                android:name="androidx.lifecycle.ProcessLifecycleInitializer"
261-->[androidx.lifecycle:lifecycle-process:2.4.0] AndroidManifest.xml:32:17-78
262                android:value="androidx.startup" />
262-->[androidx.lifecycle:lifecycle-process:2.4.0] AndroidManifest.xml:33:17-49
263        </provider>
264    </application>
265
266</manifest>